# JRE version: OpenJDK Runtime Environment (8.0_152-b01) (build 1.8.0_152-release-1343-b01)
# Java VM: OpenJDK 64-Bit Server VM (25.152-b01 mixed mode windows-amd64 compressed oops)
Heap:
 PSYoungGen      total 545792K, used 501855K [0x0000000780000000, 0x00000007a7080000, 0x00000007c0000000)
  eden space 464384K, 94% used [0x0000000780000000,0x000000079ac7ced0,0x000000079c580000)
  from space 81408K, 77% used [0x00000007a1a00000,0x00000007a579af48,0x00000007a6980000)
  to   space 86528K, 0% used [0x000000079c580000,0x000000079c580000,0x00000007a1a00000)
 ParOldGen       total 392192K, used 113611K [0x0000000700000000, 0x0000000717f00000, 0x0000000780000000)
  object space 392192K, 28% used [0x0000000700000000,0x0000000706ef2e60,0x0000000717f00000)
 Metaspace       used 131830K, capacity 141163K, committed 141504K, reserved 1171456K
  class space    used 16963K, capacity 18884K, committed 18944K, reserved 1048576K
GC Heap History (10 events):
Event: 775.927 GC heap before
{Heap before GC invocations=34 (full 4):
 PSYoungGen      total 492032K, used 434420K [0x0000000780000000, 0x00000007a4980000, 0x00000007c0000000)
  eden space 408576K, 100% used [0x0000000780000000,0x0000000798f00000,0x0000000798f00000)
  from space 83456K, 30% used [0x0000000798f00000,0x000000079a83d1f0,0x000000079e080000)
  to   space 80896K, 0% used [0x000000079fa80000,0x000000079fa80000,0x00000007a4980000)
 ParOldGen       total 392192K, used 113571K [0x0000000700000000, 0x0000000717f00000, 0x0000000780000000)
  object space 392192K, 28% used [0x0000000700000000,0x0000000706ee8e60,0x0000000717f00000)
 Metaspace       used 100140K, capacity 105789K, committed 106048K, reserved 1140736K
  class space    used 12898K, capacity 14156K, committed 14208K, reserved 1048576K
Event: 775.954 GC heap after
Heap after GC invocations=34 (full 4):
 PSYoungGen      total 499200K, used 37244K [0x0000000780000000, 0x00000007a3c00000, 0x00000007c0000000)
  eden space 432128K, 0% used [0x0000000780000000,0x0000000780000000,0x000000079a600000)
  from space 67072K, 55% used [0x000000079fa80000,0x00000007a1edf0a0,0x00000007a3c00000)
  to   space 76800K, 0% used [0x000000079a600000,0x000000079a600000,0x000000079f100000)
 ParOldGen       total 392192K, used 113579K [0x0000000700000000, 0x0000000717f00000, 0x0000000780000000)
  object space 392192K, 28% used [0x0000000700000000,0x0000000706eeae60,0x0000000717f00000)
 Metaspace       used 100140K, capacity 105789K, committed 106048K, reserved 1140736K
  class space    used 12898K, capacity 14156K, committed 14208K, reserved 1048576K
}
Event: 1303.799 GC heap before
{Heap before GC invocations=35 (full 4):
 PSYoungGen      total 499200K, used 469372K [0x0000000780000000, 0x00000007a3c00000, 0x00000007c0000000)
  eden space 432128K, 100% used [0x0000000780000000,0x000000079a600000,0x000000079a600000)
  from space 67072K, 55% used [0x000000079fa80000,0x00000007a1edf0a0,0x00000007a3c00000)
  to   space 76800K, 0% used [0x000000079a600000,0x000000079a600000,0x000000079f100000)
 ParOldGen       total 392192K, used 113579K [0x0000000700000000, 0x0000000717f00000, 0x0000000780000000)
  object space 392192K, 28% used [0x0000000700000000,0x0000000706eeae60,0x0000000717f00000)
 Metaspace       used 101242K, capacity 107263K, committed 107584K, reserved 1142784K
  class space    used 13032K, capacity 14370K, committed 14464K, reserved 1048576K
Event: 1303.819 GC heap after
Heap after GC invocations=35 (full 4):
 PSYoungGen      total 508928K, used 20120K [0x0000000780000000, 0x00000007a4c00000, 0x00000007c0000000)
  eden space 432128K, 0% used [0x0000000780000000,0x0000000780000000,0x000000079a600000)
  from space 76800K, 26% used [0x000000079a600000,0x000000079b9a63c0,0x000000079f100000)
  to   space 75264K, 0% used [0x00000007a0280000,0x00000007a0280000,0x00000007a4c00000)
 ParOldGen       total 392192K, used 113587K [0x0000000700000000, 0x0000000717f00000, 0x0000000780000000)
  object space 392192K, 28% used [0x0000000700000000,0x0000000706eece60,0x0000000717f00000)
 Metaspace       used 101242K, capacity 107263K, committed 107584K, reserved 1142784K
  class space    used 13032K, capacity 14370K, committed 14464K, reserved 1048576K
}
Event: 1310.969 GC heap before
{Heap before GC invocations=36 (full 4):
 PSYoungGen      total 508928K, used 452248K [0x0000000780000000, 0x00000007a4c00000, 0x00000007c0000000)
  eden space 432128K, 100% used [0x0000000780000000,0x000000079a600000,0x000000079a600000)
  from space 76800K, 26% used [0x000000079a600000,0x000000079b9a63c0,0x000000079f100000)
  to   space 75264K, 0% used [0x00000007a0280000,0x00000007a0280000,0x00000007a4c00000)
 ParOldGen       total 392192K, used 113587K [0x0000000700000000, 0x0000000717f00000, 0x0000000780000000)
  object space 392192K, 28% used [0x0000000700000000,0x0000000706eece60,0x0000000717f00000)
 Metaspace       used 117177K, capacity 124139K, committed 124352K, reserved 1157120K
  class space    used 15227K, capacity 16777K, committed 16896K, reserved 1048576K
Event: 1311.015 GC heap after
Heap after GC invocations=36 (full 4):
 PSYoungGen      total 523264K, used 54271K [0x0000000780000000, 0x00000007a5700000, 0x00000007c0000000)
  eden space 448000K, 0% used [0x0000000780000000,0x0000000780000000,0x000000079b580000)
  from space 75264K, 72% used [0x00000007a0280000,0x00000007a377fe98,0x00000007a4c00000)
  to   space 78848K, 0% used [0x000000079b580000,0x000000079b580000,0x00000007a0280000)
 ParOldGen       total 392192K, used 113595K [0x0000000700000000, 0x0000000717f00000, 0x0000000780000000)
  object space 392192K, 28% used [0x0000000700000000,0x0000000706eeee60,0x0000000717f00000)
 Metaspace       used 117177K, capacity 124139K, committed 124352K, reserved 1157120K
  class space    used 15227K, capacity 16777K, committed 16896K, reserved 1048576K
}
Event: 1317.923 GC heap before
{Heap before GC invocations=37 (full 4):
 PSYoungGen      total 523264K, used 502271K [0x0000000780000000, 0x00000007a5700000, 0x00000007c0000000)
  eden space 448000K, 100% used [0x0000000780000000,0x000000079b580000,0x000000079b580000)
  from space 75264K, 72% used [0x00000007a0280000,0x00000007a377fe98,0x00000007a4c00000)
  to   space 78848K, 0% used [0x000000079b580000,0x000000079b580000,0x00000007a0280000)
 ParOldGen       total 392192K, used 113595K [0x0000000700000000, 0x0000000717f00000, 0x0000000780000000)
  object space 392192K, 28% used [0x0000000700000000,0x0000000706eeee60,0x0000000717f00000)
 Metaspace       used 121818K, capacity 129425K, committed 129728K, reserved 1161216K
  class space    used 15649K, capacity 17310K, committed 17408K, reserved 1048576K
Event: 1317.961 GC heap after
Heap after GC invocations=37 (full 4):
 PSYoungGen      total 526848K, used 55299K [0x0000000780000000, 0x00000007a6980000, 0x00000007c0000000)
  eden space 448000K, 0% used [0x0000000780000000,0x0000000780000000,0x000000079b580000)
  from space 78848K, 70% used [0x000000079b580000,0x000000079eb80fa0,0x00000007a0280000)
  to   space 81408K, 0% used [0x00000007a1a00000,0x00000007a1a00000,0x00000007a6980000)
 ParOldGen       total 392192K, used 113603K [0x0000000700000000, 0x0000000717f00000, 0x0000000780000000)
  object space 392192K, 28% used [0x0000000700000000,0x0000000706ef0e60,0x0000000717f00000)
 Metaspace       used 121818K, capacity 129425K, committed 129728K, reserved 1161216K
  class space    used 15649K, capacity 17310K, committed 17408K, reserved 1048576K
}
Event: 1357.375 GC heap before
{Heap before GC invocations=38 (full 4):
 PSYoungGen      total 526848K, used 503299K [0x0000000780000000, 0x00000007a6980000, 0x00000007c0000000)
  eden space 448000K, 100% used [0x0000000780000000,0x000000079b580000,0x000000079b580000)
  from space 78848K, 70% used [0x000000079b580000,0x000000079eb80fa0,0x00000007a0280000)
  to   space 81408K, 0% used [0x00000007a1a00000,0x00000007a1a00000,0x00000007a6980000)
 ParOldGen       total 392192K, used 113603K [0x0000000700000000, 0x0000000717f00000, 0x0000000780000000)
  object space 392192K, 28% used [0x0000000700000000,0x0000000706ef0e60,0x0000000717f00000)
 Metaspace       used 128173K, capacity 137395K, committed 137792K, reserved 1169408K
  class space    used 16564K, capacity 18470K, committed 18560K, reserved 1048576K
Event: 1357.422 GC heap after
Heap after GC invocations=38 (full 4):
 PSYoungGen      total 545792K, used 63083K [0x0000000780000000, 0x00000007a7080000, 0x00000007c0000000)
  eden space 464384K, 0% used [0x0000000780000000,0x0000000780000000,0x000000079c580000)
  from space 81408K, 77% used [0x00000007a1a00000,0x00000007a579af48,0x00000007a6980000)
  to   space 86528K, 0% used [0x000000079c580000,0x000000079c580000,0x00000007a1a00000)
 ParOldGen       total 392192K, used 113611K [0x0000000700000000, 0x0000000717f00000, 0x0000000780000000)
  object space 392192K, 28% used [0x0000000700000000,0x0000000706ef2e60,0x0000000717f00000)
 Metaspace       used 128173K, capacity 137395K, committed 137792K, reserved 1169408K
  class space    used 16564K, capacity 18470K, committed 18560K, reserved 1048576K
}

