# JRE version: OpenJDK Runtime Environment (8.0_152-b01) (build 1.8.0_152-release-1343-b01)
# Java VM: OpenJDK 64-Bit Server VM (25.152-b01 mixed mode windows-amd64 compressed oops)
Heap:
 PSYoungGen      total 837120K, used 256194K [0x0000000780000000, 0x00000007b7180000, 0x00000007c0000000)
  eden space 805376K, 27% used [0x0000000780000000,0x000000078db34350,0x00000007b1280000)
  from space 31744K, 99% used [0x00000007b3e00000,0x00000007b5cfc598,0x00000007b5d00000)
  to   space 44544K, 0% used [0x00000007b1280000,0x00000007b1280000,0x00000007b3e00000)
 ParOldGen       total 165888K, used 124752K [0x0000000700000000, 0x000000070a200000, 0x0000000780000000)
  object space 165888K, 75% used [0x0000000700000000,0x00000007079d4260,0x000000070a200000)
 Metaspace       used 92939K, capacity 96631K, committed 96920K, reserved 1132544K
  class space    used 12022K, capacity 12844K, committed 12952K, reserved 1048576K
GC Heap History (10 events):
Event: 87.686 GC heap before
{Heap before GC invocations=15 (full 3):
 PSYoungGen      total 335872K, used 335848K [0x0000000780000000, 0x000000079f500000, 0x00000007c0000000)
  eden space 316928K, 100% used [0x0000000780000000,0x0000000793580000,0x0000000793580000)
  from space 18944K, 99% used [0x0000000793580000,0x00000007947fa040,0x0000000794800000)
  to   space 25088K, 0% used [0x000000079dc80000,0x000000079dc80000,0x000000079f500000)
 ParOldGen       total 165888K, used 50198K [0x0000000700000000, 0x000000070a200000, 0x0000000780000000)
  object space 165888K, 30% used [0x0000000700000000,0x0000000703105b38,0x000000070a200000)
 Metaspace       used 75115K, capacity 77567K, committed 77848K, reserved 1116160K
  class space    used 10101K, capacity 10716K, committed 10776K, reserved 1048576K
Event: 87.720 GC heap after
Heap after GC invocations=15 (full 3):
 PSYoungGen      total 477696K, used 25082K [0x0000000780000000, 0x000000079fd00000, 0x00000007c0000000)
  eden space 452608K, 0% used [0x0000000780000000,0x0000000780000000,0x000000079ba00000)
  from space 25088K, 99% used [0x000000079dc80000,0x000000079f4fe800,0x000000079f500000)
  to   space 34304K, 0% used [0x000000079ba00000,0x000000079ba00000,0x000000079db80000)
 ParOldGen       total 165888K, used 66556K [0x0000000700000000, 0x000000070a200000, 0x0000000780000000)
  object space 165888K, 40% used [0x0000000700000000,0x00000007040ff300,0x000000070a200000)
 Metaspace       used 75115K, capacity 77567K, committed 77848K, reserved 1116160K
  class space    used 10101K, capacity 10716K, committed 10776K, reserved 1048576K
}
Event: 94.549 GC heap before
{Heap before GC invocations=16 (full 3):
 PSYoungGen      total 477696K, used 477690K [0x0000000780000000, 0x000000079fd00000, 0x00000007c0000000)
  eden space 452608K, 100% used [0x0000000780000000,0x000000079ba00000,0x000000079ba00000)
  from space 25088K, 99% used [0x000000079dc80000,0x000000079f4fe800,0x000000079f500000)
  to   space 34304K, 0% used [0x000000079ba00000,0x000000079ba00000,0x000000079db80000)
 ParOldGen       total 165888K, used 66556K [0x0000000700000000, 0x000000070a200000, 0x0000000780000000)
  object space 165888K, 40% used [0x0000000700000000,0x00000007040ff300,0x000000070a200000)
 Metaspace       used 80562K, capacity 83141K, committed 83352K, reserved 1122304K
  class space    used 10555K, capacity 11153K, committed 11160K, reserved 1048576K
Event: 94.586 GC heap after
Heap after GC invocations=16 (full 3):
 PSYoungGen      total 486912K, used 12774K [0x0000000780000000, 0x00000007aa980000, 0x00000007c0000000)
  eden space 452608K, 0% used [0x0000000780000000,0x0000000780000000,0x000000079ba00000)
  from space 34304K, 37% used [0x000000079ba00000,0x000000079c6799d0,0x000000079db80000)
  to   space 33280K, 0% used [0x00000007a8900000,0x00000007a8900000,0x00000007aa980000)
 ParOldGen       total 165888K, used 86372K [0x0000000700000000, 0x000000070a200000, 0x0000000780000000)
  object space 165888K, 52% used [0x0000000700000000,0x00000007054593b8,0x000000070a200000)
 Metaspace       used 80562K, capacity 83141K, committed 83352K, reserved 1122304K
  class space    used 10555K, capacity 11153K, committed 11160K, reserved 1048576K
}
Event: 100.167 GC heap before
{Heap before GC invocations=17 (full 3):
 PSYoungGen      total 486912K, used 465382K [0x0000000780000000, 0x00000007aa980000, 0x00000007c0000000)
  eden space 452608K, 100% used [0x0000000780000000,0x000000079ba00000,0x000000079ba00000)
  from space 34304K, 37% used [0x000000079ba00000,0x000000079c6799d0,0x000000079db80000)
  to   space 33280K, 0% used [0x00000007a8900000,0x00000007a8900000,0x00000007aa980000)
 ParOldGen       total 165888K, used 86372K [0x0000000700000000, 0x000000070a200000, 0x0000000780000000)
  object space 165888K, 52% used [0x0000000700000000,0x00000007054593b8,0x000000070a200000)
 Metaspace       used 81781K, capacity 84581K, committed 84888K, reserved 1122304K
  class space    used 10709K, capacity 11349K, committed 11416K, reserved 1048576K
Event: 100.192 GC heap after
Heap after GC invocations=17 (full 3):
 PSYoungGen      total 635904K, used 20297K [0x0000000780000000, 0x00000007a9d00000, 0x00000007c0000000)
  eden space 615424K, 0% used [0x0000000780000000,0x0000000780000000,0x00000007a5900000)
  from space 20480K, 99% used [0x00000007a8900000,0x00000007a9cd2798,0x00000007a9d00000)
  to   space 33280K, 0% used [0x00000007a5c00000,0x00000007a5c00000,0x00000007a7c80000)
 ParOldGen       total 165888K, used 92097K [0x0000000700000000, 0x000000070a200000, 0x0000000780000000)
  object space 165888K, 55% used [0x0000000700000000,0x00000007059f0518,0x000000070a200000)
 Metaspace       used 81781K, capacity 84581K, committed 84888K, reserved 1122304K
  class space    used 10709K, capacity 11349K, committed 11416K, reserved 1048576K
}
Event: 107.815 GC heap before
{Heap before GC invocations=18 (full 3):
 PSYoungGen      total 635904K, used 635721K [0x0000000780000000, 0x00000007a9d00000, 0x00000007c0000000)
  eden space 615424K, 100% used [0x0000000780000000,0x00000007a5900000,0x00000007a5900000)
  from space 20480K, 99% used [0x00000007a8900000,0x00000007a9cd2798,0x00000007a9d00000)
  to   space 33280K, 0% used [0x00000007a5c00000,0x00000007a5c00000,0x00000007a7c80000)
 ParOldGen       total 165888K, used 92097K [0x0000000700000000, 0x000000070a200000, 0x0000000780000000)
  object space 165888K, 55% used [0x0000000700000000,0x00000007059f0518,0x000000070a200000)
 Metaspace       used 83293K, capacity 86253K, committed 86296K, reserved 1124352K
  class space    used 10818K, capacity 11517K, committed 11544K, reserved 1048576K
Event: 107.883 GC heap after
Heap after GC invocations=18 (full 3):
 PSYoungGen      total 651776K, used 15509K [0x0000000780000000, 0x00000007b5d00000, 0x00000007c0000000)
  eden space 618496K, 0% used [0x0000000780000000,0x0000000780000000,0x00000007a5c00000)
  from space 33280K, 46% used [0x00000007a5c00000,0x00000007a6b25480,0x00000007a7c80000)
  to   space 31744K, 0% used [0x00000007b3e00000,0x00000007b3e00000,0x00000007b5d00000)
 ParOldGen       total 165888K, used 101174K [0x0000000700000000, 0x000000070a200000, 0x0000000780000000)
  object space 165888K, 60% used [0x0000000700000000,0x00000007062cda50,0x000000070a200000)
 Metaspace       used 83293K, capacity 86253K, committed 86296K, reserved 1124352K
  class space    used 10818K, capacity 11517K, committed 11544K, reserved 1048576K
}
Event: 113.195 GC heap before
{Heap before GC invocations=19 (full 3):
 PSYoungGen      total 651776K, used 634005K [0x0000000780000000, 0x00000007b5d00000, 0x00000007c0000000)
  eden space 618496K, 100% used [0x0000000780000000,0x00000007a5c00000,0x00000007a5c00000)
  from space 33280K, 46% used [0x00000007a5c00000,0x00000007a6b25480,0x00000007a7c80000)
  to   space 31744K, 0% used [0x00000007b3e00000,0x00000007b3e00000,0x00000007b5d00000)
 ParOldGen       total 165888K, used 101174K [0x0000000700000000, 0x000000070a200000, 0x0000000780000000)
  object space 165888K, 60% used [0x0000000700000000,0x00000007062cda50,0x000000070a200000)
 Metaspace       used 91514K, capacity 95121K, committed 95256K, reserved 1132544K
  class space    used 11930K, capacity 12737K, committed 12824K, reserved 1048576K
Event: 113.287 GC heap after
Heap after GC invocations=19 (full 3):
 PSYoungGen      total 837120K, used 31729K [0x0000000780000000, 0x00000007b7180000, 0x00000007c0000000)
  eden space 805376K, 0% used [0x0000000780000000,0x0000000780000000,0x00000007b1280000)
  from space 31744K, 99% used [0x00000007b3e00000,0x00000007b5cfc598,0x00000007b5d00000)
  to   space 44544K, 0% used [0x00000007b1280000,0x00000007b1280000,0x00000007b3e00000)
 ParOldGen       total 165888K, used 124752K [0x0000000700000000, 0x000000070a200000, 0x0000000780000000)
  object space 165888K, 75% used [0x0000000700000000,0x00000007079d4260,0x000000070a200000)
 Metaspace       used 91514K, capacity 95121K, committed 95256K, reserved 1132544K
  class space    used 11930K, capacity 12737K, committed 12824K, reserved 1048576K
}

