# JRE version: OpenJDK Runtime Environment (8.0_152-b01) (build 1.8.0_152-release-1343-b01)
# Java VM: OpenJDK 64-Bit Server VM (25.152-b01 mixed mode windows-amd64 compressed oops)
Heap:
 PSYoungGen      total 750592K, used 438659K [0x0000000780000000, 0x00000007b1e00000, 0x00000007c0000000)
  eden space 707072K, 55% used [0x0000000780000000,0x00000007981e1280,0x00000007ab280000)
  from space 43520K, 99% used [0x00000007ab280000,0x00000007adcffbc0,0x00000007add00000)
  to   space 46080K, 0% used [0x00000007add00000,0x00000007add00000,0x00000007b0a00000)
 ParOldGen       total 178688K, used 133584K [0x0000000700000000, 0x000000070ae80000, 0x0000000780000000)
  object space 178688K, 74% used [0x0000000700000000,0x0000000708274060,0x000000070ae80000)
 Metaspace       used 99370K, capacity 103113K, committed 103592K, reserved 1138688K
  class space    used 12484K, capacity 13300K, committed 13480K, reserved 1048576K
GC Heap History (10 events):
Event: 130.381 GC heap before
{Heap before GC invocations=20 (full 3):
 PSYoungGen      total 636416K, used 629326K [0x0000000780000000, 0x00000007a9280000, 0x00000007c0000000)
  eden space 606720K, 100% used [0x0000000780000000,0x00000007a5080000,0x00000007a5080000)
  from space 29696K, 76% used [0x00000007a7580000,0x00000007a8b93838,0x00000007a9280000)
  to   space 33792K, 0% used [0x00000007a5080000,0x00000007a5080000,0x00000007a7180000)
 ParOldGen       total 174592K, used 98515K [0x0000000700000000, 0x000000070aa80000, 0x0000000780000000)
  object space 174592K, 56% used [0x0000000700000000,0x0000000706034f08,0x000000070aa80000)
 Metaspace       used 88954K, capacity 92013K, committed 92200K, reserved 1130496K
  class space    used 11292K, capacity 11972K, committed 12072K, reserved 1048576K
Event: 130.428 GC heap after
Heap after GC invocations=20 (full 3):
 PSYoungGen      total 640512K, used 33767K [0x0000000780000000, 0x00000007b0a00000, 0x00000007c0000000)
  eden space 606720K, 0% used [0x0000000780000000,0x0000000780000000,0x00000007a5080000)
  from space 33792K, 99% used [0x00000007a5080000,0x00000007a7179dc0,0x00000007a7180000)
  to   space 46080K, 0% used [0x00000007add00000,0x00000007add00000,0x00000007b0a00000)
 ParOldGen       total 174592K, used 119220K [0x0000000700000000, 0x000000070aa80000, 0x0000000780000000)
  object space 174592K, 68% used [0x0000000700000000,0x000000070746d148,0x000000070aa80000)
 Metaspace       used 88954K, capacity 92013K, committed 92200K, reserved 1130496K
  class space    used 11292K, capacity 11972K, committed 12072K, reserved 1048576K
}
Event: 131.216 GC heap before
{Heap before GC invocations=21 (full 3):
 PSYoungGen      total 640512K, used 171654K [0x0000000780000000, 0x00000007b0a00000, 0x00000007c0000000)
  eden space 606720K, 22% used [0x0000000780000000,0x00000007886a7d00,0x00000007a5080000)
  from space 33792K, 99% used [0x00000007a5080000,0x00000007a7179dc0,0x00000007a7180000)
  to   space 46080K, 0% used [0x00000007add00000,0x00000007add00000,0x00000007b0a00000)
 ParOldGen       total 174592K, used 119220K [0x0000000700000000, 0x000000070aa80000, 0x0000000780000000)
  object space 174592K, 68% used [0x0000000700000000,0x000000070746d148,0x000000070aa80000)
 Metaspace       used 94608K, capacity 98475K, committed 98600K, reserved 1134592K
  class space    used 12118K, capacity 13003K, committed 13096K, reserved 1048576K
Event: 131.252 GC heap after
Heap after GC invocations=21 (full 3):
 PSYoungGen      total 753152K, used 19894K [0x0000000780000000, 0x00000007b1e00000, 0x00000007c0000000)
  eden space 707072K, 0% used [0x0000000780000000,0x0000000780000000,0x00000007ab280000)
  from space 46080K, 43% used [0x00000007add00000,0x00000007af06d958,0x00000007b0a00000)
  to   space 43520K, 0% used [0x00000007ab280000,0x00000007ab280000,0x00000007add00000)
 ParOldGen       total 178688K, used 176352K [0x0000000700000000, 0x000000070ae80000, 0x0000000780000000)
  object space 178688K, 98% used [0x0000000700000000,0x000000070ac38348,0x000000070ae80000)
 Metaspace       used 94608K, capacity 98475K, committed 98600K, reserved 1134592K
  class space    used 12118K, capacity 13003K, committed 13096K, reserved 1048576K
}
Event: 131.252 GC heap before
{Heap before GC invocations=22 (full 4):
 PSYoungGen      total 753152K, used 19894K [0x0000000780000000, 0x00000007b1e00000, 0x00000007c0000000)
  eden space 707072K, 0% used [0x0000000780000000,0x0000000780000000,0x00000007ab280000)
  from space 46080K, 43% used [0x00000007add00000,0x00000007af06d958,0x00000007b0a00000)
  to   space 43520K, 0% used [0x00000007ab280000,0x00000007ab280000,0x00000007add00000)
 ParOldGen       total 178688K, used 176352K [0x0000000700000000, 0x000000070ae80000, 0x0000000780000000)
  object space 178688K, 98% used [0x0000000700000000,0x000000070ac38348,0x000000070ae80000)
 Metaspace       used 94608K, capacity 98475K, committed 98600K, reserved 1134592K
  class space    used 12118K, capacity 13003K, committed 13096K, reserved 1048576K
Event: 131.538 GC heap after
Heap after GC invocations=22 (full 4):
 PSYoungGen      total 753152K, used 0K [0x0000000780000000, 0x00000007b1e00000, 0x00000007c0000000)
  eden space 707072K, 0% used [0x0000000780000000,0x0000000780000000,0x00000007ab280000)
  from space 46080K, 0% used [0x00000007add00000,0x00000007add00000,0x00000007b0a00000)
  to   space 43520K, 0% used [0x00000007ab280000,0x00000007ab280000,0x00000007add00000)
 ParOldGen       total 178688K, used 149171K [0x0000000700000000, 0x000000070ae80000, 0x0000000780000000)
  object space 178688K, 83% used [0x0000000700000000,0x00000007091ace98,0x000000070ae80000)
 Metaspace       used 93552K, capacity 96717K, committed 98600K, reserved 1134592K
  class space    used 11888K, capacity 12644K, committed 13096K, reserved 1048576K
}
Event: 136.319 GC heap before
{Heap before GC invocations=23 (full 5):
 PSYoungGen      total 753152K, used 707072K [0x0000000780000000, 0x00000007b1e00000, 0x00000007c0000000)
  eden space 707072K, 100% used [0x0000000780000000,0x00000007ab280000,0x00000007ab280000)
  from space 46080K, 0% used [0x00000007add00000,0x00000007add00000,0x00000007b0a00000)
  to   space 43520K, 0% used [0x00000007ab280000,0x00000007ab280000,0x00000007add00000)
 ParOldGen       total 178688K, used 149171K [0x0000000700000000, 0x000000070ae80000, 0x0000000780000000)
  object space 178688K, 83% used [0x0000000700000000,0x00000007091ace98,0x000000070ae80000)
 Metaspace       used 98660K, capacity 102495K, committed 103080K, reserved 1138688K
  class space    used 12425K, capacity 13241K, committed 13480K, reserved 1048576K
Event: 136.605 GC heap after
Heap after GC invocations=23 (full 5):
 PSYoungGen      total 753152K, used 0K [0x0000000780000000, 0x00000007b1e00000, 0x00000007c0000000)
  eden space 707072K, 0% used [0x0000000780000000,0x0000000780000000,0x00000007ab280000)
  from space 46080K, 0% used [0x00000007add00000,0x00000007add00000,0x00000007b0a00000)
  to   space 43520K, 0% used [0x00000007ab280000,0x00000007ab280000,0x00000007add00000)
 ParOldGen       total 178688K, used 131737K [0x0000000700000000, 0x000000070ae80000, 0x0000000780000000)
  object space 178688K, 73% used [0x0000000700000000,0x00000007080a6640,0x000000070ae80000)
 Metaspace       used 98607K, capacity 102327K, committed 103080K, reserved 1138688K
  class space    used 12407K, capacity 13211K, committed 13480K, reserved 1048576K
}
Event: 138.233 GC heap before
{Heap before GC invocations=24 (full 5):
 PSYoungGen      total 753152K, used 707072K [0x0000000780000000, 0x00000007b1e00000, 0x00000007c0000000)
  eden space 707072K, 100% used [0x0000000780000000,0x00000007ab280000,0x00000007ab280000)
  from space 46080K, 0% used [0x00000007add00000,0x00000007add00000,0x00000007b0a00000)
  to   space 43520K, 0% used [0x00000007ab280000,0x00000007ab280000,0x00000007add00000)
 ParOldGen       total 178688K, used 131737K [0x0000000700000000, 0x000000070ae80000, 0x0000000780000000)
  object space 178688K, 73% used [0x0000000700000000,0x00000007080a6640,0x000000070ae80000)
 Metaspace       used 98899K, capacity 102571K, committed 103080K, reserved 1138688K
  class space    used 12421K, capacity 13213K, committed 13480K, reserved 1048576K
Event: 138.289 GC heap after
Heap after GC invocations=24 (full 5):
 PSYoungGen      total 750592K, used 43518K [0x0000000780000000, 0x00000007b1e00000, 0x00000007c0000000)
  eden space 707072K, 0% used [0x0000000780000000,0x0000000780000000,0x00000007ab280000)
  from space 43520K, 99% used [0x00000007ab280000,0x00000007adcffbc0,0x00000007add00000)
  to   space 46080K, 0% used [0x00000007add00000,0x00000007add00000,0x00000007b0a00000)
 ParOldGen       total 178688K, used 133584K [0x0000000700000000, 0x000000070ae80000, 0x0000000780000000)
  object space 178688K, 74% used [0x0000000700000000,0x0000000708274060,0x000000070ae80000)
 Metaspace       used 98899K, capacity 102571K, committed 103080K, reserved 1138688K
  class space    used 12421K, capacity 13213K, committed 13480K, reserved 1048576K
}

